TN:
SF:src\app.module.ts
FNF:0
FNH:0
DA:1,0
DA:2,0
DA:4,0
DA:5,0
DA:6,0
DA:7,0
DA:8,0
DA:9,0
DA:10,0
DA:11,0
DA:32,0
LF:11
LH:0
BRF:0
BRH:0
end_of_record
TN:
SF:src\main.ts
FN:6,bootstrap
FN:32,(anonymous_1)
FNF:2
FNH:0
FNDA:0,bootstrap
FNDA:0,(anonymous_1)
DA:1,0
DA:2,0
DA:3,0
DA:4,0
DA:7,0
DA:10,0
DA:19,0
DA:25,0
DA:32,0
DA:33,0
DA:35,0
DA:36,0
DA:38,0
DA:39,0
DA:42,0
LF:15
LH:0
BRDA:20,0,0,0
BRDA:20,0,1,0
BRDA:35,1,0,0
BRDA:35,1,1,0
BRF:4
BRH:0
end_of_record
TN:
SF:src\auth\auth.controller.ts
FN:11,(anonymous_4)
FN:28,(anonymous_5)
FN:46,(anonymous_6)
FNF:3
FNH:0
FNDA:0,(anonymous_4)
FNDA:0,(anonymous_5)
FNDA:0,(anonymous_6)
DA:1,0
DA:2,0
DA:3,0
DA:4,0
DA:5,0
DA:6,0
DA:10,0
DA:12,0
DA:13,0
DA:28,0
DA:29,0
DA:46,0
DA:47,0
DA:48,0
LF:14
LH:0
BRF:0
BRH:0
end_of_record
TN:
SF:src\auth\auth.module.ts
FNF:0
FNH:0
DA:1,0
DA:2,0
DA:3,0
DA:4,0
DA:5,0
DA:6,0
DA:7,0
DA:8,0
DA:23,0
LF:9
LH:0
BRDA:15,0,0,0
BRDA:15,0,1,0
BRF:2
BRH:0
end_of_record
TN:
SF:src\auth\auth.service.ts
FN:8,(anonymous_2)
FN:13,(anonymous_3)
FN:23,(anonymous_4)
FNF:3
FNH:3
FNDA:5,(anonymous_2)
FNDA:3,(anonymous_3)
FNDA:2,(anonymous_4)
DA:1,1
DA:2,1
DA:3,1
DA:4,1
DA:7,1
DA:9,5
DA:10,5
DA:14,3
DA:16,3
DA:17,1
DA:18,1
DA:20,2
DA:24,2
DA:29,2
LF:14
LH:14
BRDA:16,0,0,1
BRDA:16,1,0,3
BRDA:16,1,1,2
BRF:3
BRH:3
end_of_record
TN:
SF:src\auth\decorators\roles.decorator.ts
FN:5,(anonymous_0)
FNF:1
FNH:0
FNDA:0,(anonymous_0)
DA:1,0
DA:4,0
DA:5,0
LF:3
LH:0
BRF:0
BRH:0
end_of_record
TN:
SF:src\auth\guards\jwt-auth.guard.ts
FNF:0
FNH:0
DA:1,1
DA:2,1
DA:5,1
LF:3
LH:3
BRF:0
BRH:0
end_of_record
TN:
SF:src\auth\guards\local-auth.guard.ts
FNF:0
FNH:0
DA:1,0
DA:2,0
DA:5,0
LF:3
LH:0
BRF:0
BRH:0
end_of_record
TN:
SF:src\auth\guards\roles.guard.ts
FN:8,(anonymous_2)
FN:10,(anonymous_3)
FN:21,(anonymous_4)
FNF:3
FNH:0
FNDA:0,(anonymous_2)
FNDA:0,(anonymous_3)
FNDA:0,(anonymous_4)
DA:1,0
DA:2,0
DA:4,0
DA:7,0
DA:8,0
DA:11,0
DA:16,0
DA:17,0
DA:20,0
DA:21,0
LF:10
LH:0
BRDA:16,0,0,0
BRF:1
BRH:0
end_of_record
TN:
SF:src\auth\strategies\jwt.strategy.ts
FN:7,(anonymous_2)
FN:15,(anonymous_3)
FNF:2
FNH:0
FNDA:0,(anonymous_2)
FNDA:0,(anonymous_3)
DA:1,0
DA:2,0
DA:3,0
DA:6,0
DA:8,0
DA:16,0
LF:6
LH:0
BRDA:11,0,0,0
BRDA:11,0,1,0
BRF:2
BRH:0
end_of_record
TN:
SF:src\auth\strategies\local.strategy.ts
FN:8,(anonymous_2)
FN:14,(anonymous_3)
FNF:2
FNH:0
FNDA:0,(anonymous_2)
FNDA:0,(anonymous_3)
DA:1,0
DA:2,0
DA:3,0
DA:4,0
DA:7,0
DA:8,0
DA:9,0
DA:15,0
DA:16,0
DA:17,0
DA:19,0
LF:11
LH:0
BRDA:16,0,0,0
BRF:1
BRH:0
end_of_record
TN:
SF:src\health\health.controller.ts
FN:13,(anonymous_2)
FN:23,(anonymous_3)
FN:25,(anonymous_4)
FN:26,(anonymous_5)
FN:27,(anonymous_6)
FNF:5
FNH:0
FNDA:0,(anonymous_2)
FNDA:0,(anonymous_3)
FNDA:0,(anonymous_4)
FNDA:0,(anonymous_5)
FNDA:0,(anonymous_6)
DA:1,0
DA:2,0
DA:9,0
DA:12,0
DA:14,0
DA:15,0
DA:16,0
DA:17,0
DA:18,0
DA:23,0
DA:24,0
DA:25,0
DA:26,0
DA:27,0
LF:14
LH:0
BRF:0
BRH:0
end_of_record
TN:
SF:src\health\health.module.ts
FNF:0
FNH:0
DA:1,0
DA:2,0
DA:3,0
DA:4,0
DA:10,0
LF:5
LH:0
BRF:0
BRH:0
end_of_record
TN:
SF:src\meeting-rooms\meeting-rooms.controller.ts
FN:17,(anonymous_4)
FN:24,(anonymous_5)
FN:31,(anonymous_6)
FN:39,(anonymous_7)
FN:49,(anonymous_8)
FN:63,(anonymous_9)
FN:72,(anonymous_10)
FN:82,(anonymous_11)
FNF:8
FNH:0
FNDA:0,(anonymous_4)
FNDA:0,(anonymous_5)
FNDA:0,(anonymous_6)
FNDA:0,(anonymous_7)
FNDA:0,(anonymous_8)
FNDA:0,(anonymous_9)
FNDA:0,(anonymous_10)
FNDA:0,(anonymous_11)
DA:1,0
DA:2,0
DA:3,0
DA:4,0
DA:5,0
DA:6,0
DA:7,0
DA:8,0
DA:9,0
DA:10,0
DA:16,0
DA:17,0
DA:24,0
DA:25,0
DA:31,0
DA:32,0
DA:39,0
DA:40,0
DA:49,0
DA:53,0
DA:63,0
DA:64,0
DA:72,0
DA:76,0
DA:82,0
DA:87,0
DA:88,0
DA:89,0
DA:91,0
LF:29
LH:0
BRDA:89,0,0,0
BRDA:89,0,1,0
BRF:2
BRH:0
end_of_record
TN:
SF:src\meeting-rooms\meeting-rooms.module.ts
FNF:0
FNH:0
DA:1,0
DA:2,0
DA:3,0
DA:4,0
DA:12,0
LF:5
LH:0
BRF:0
BRH:0
end_of_record
TN:
SF:src\meeting-rooms\meeting-rooms.service.ts
FN:10,(anonymous_2)
FN:12,(anonymous_3)
FN:38,(anonymous_4)
FN:94,(anonymous_5)
FN:106,(anonymous_6)
FN:140,(anonymous_7)
FN:158,(anonymous_8)
FN:167,(anonymous_9)
FN:200,(anonymous_10)
FNF:9
FNH:9
FNDA:13,(anonymous_2)
FNDA:3,(anonymous_3)
FNDA:2,(anonymous_4)
FNDA:10,(anonymous_5)
FNDA:3,(anonymous_6)
FNDA:3,(anonymous_7)
FNDA:1,(anonymous_8)
FNDA:2,(anonymous_9)
FNDA:2,(anonymous_10)
DA:1,1
DA:2,1
DA:6,1
DA:9,1
DA:10,13
DA:14,3
DA:23,3
DA:24,2
DA:27,1
DA:39,2
DA:41,2
DA:44,2
DA:45,1
DA:53,2
DA:54,1
DA:58,2
DA:59,1
DA:61,2
DA:62,1
DA:66,2
DA:67,1
DA:71,2
DA:72,1
DA:75,2
DA:85,2
DA:95,10
DA:99,10
DA:100,2
DA:103,8
DA:108,3
DA:111,3
DA:112,3
DA:126,3
DA:127,2
DA:131,1
DA:142,3
DA:145,3
DA:149,3
DA:150,2
DA:153,1
DA:159,1
DA:161,1
DA:169,2
DA:200,2
DA:202,2
DA:207,2
DA:208,1
DA:211,2
LF:48
LH:48
BRDA:23,0,0,2
BRDA:30,1,0,1
BRDA:30,1,1,0
BRDA:32,2,0,1
BRDA:32,2,1,0
BRDA:33,3,0,1
BRDA:33,3,1,0
BRDA:39,4,0,0
BRDA:39,5,0,0
BRDA:44,6,0,1
BRDA:53,7,0,1
BRDA:58,8,0,1
BRDA:61,9,0,1
BRDA:66,10,0,1
BRDA:71,11,0,1
BRDA:99,12,0,2
BRDA:111,13,0,3
BRDA:111,14,0,3
BRDA:111,14,1,0
BRDA:118,15,0,3
BRDA:118,15,1,0
BRDA:119,16,0,0
BRDA:119,16,1,3
BRDA:126,17,0,2
BRDA:135,18,0,1
BRDA:135,18,1,0
BRDA:149,19,0,2
BRDA:207,20,0,1
BRF:28
BRH:19
end_of_record
TN:
SF:src\meeting-rooms\dto\create-meeting-room.dto.ts
FNF:0
FNH:0
DA:1,0
DA:2,0
DA:4,0
DA:7,0
DA:11,0
DA:17,0
DA:21,0
DA:26,0
DA:31,0
DA:39,0
DA:44,0
DA:48,0
DA:54,0
DA:60,0
DA:65,0
LF:15
LH:0
BRF:0
BRH:0
end_of_record
TN:
SF:src\meeting-rooms\dto\query-meeting-room.dto.ts
FN:4,(anonymous_2)
FNF:1
FNH:0
FNDA:0,(anonymous_2)
DA:1,0
DA:2,0
DA:4,0
DA:8,0
DA:13,0
DA:19,0
DA:25,0
DA:30,0
DA:35,0
DA:41,0
DA:48,0
LF:11
LH:0
BRF:0
BRH:0
end_of_record
TN:
SF:src\meeting-rooms\dto\update-meeting-room.dto.ts
FNF:0
FNH:0
DA:1,0
DA:2,0
DA:4,0
LF:3
LH:0
BRF:0
BRH:0
end_of_record
TN:
SF:src\meetings\meetings.module.ts
FNF:0
FNH:0
DA:1,0
DA:2,0
DA:7,0
LF:3
LH:0
BRF:0
BRH:0
end_of_record
TN:
SF:src\prisma\prisma.module.ts
FNF:0
FNH:0
DA:1,0
DA:2,0
DA:9,0
LF:3
LH:0
BRF:0
BRH:0
end_of_record
TN:
SF:src\prisma\prisma.service.ts
FN:6,(anonymous_1)
FN:10,(anonymous_2)
FNF:2
FNH:0
FNDA:0,(anonymous_1)
FNDA:0,(anonymous_2)
DA:1,3
DA:2,3
DA:5,3
DA:7,0
DA:11,0
LF:5
LH:3
BRF:0
BRH:0
end_of_record
TN:
SF:src\upload\upload.controller.ts
FN:13,(anonymous_4)
FN:31,(anonymous_5)
FN:71,(anonymous_6)
FNF:3
FNH:3
FNDA:12,(anonymous_4)
FNDA:9,(anonymous_5)
FNDA:9,(anonymous_6)
DA:1,1
DA:2,1
DA:4,1
DA:5,1
DA:6,1
DA:12,1
DA:13,12
DA:31,1
DA:32,9
DA:33,1
DA:36,8
DA:37,8
DA:38,1
DA:41,7
DA:42,6
DA:44,5
DA:71,1
DA:72,9
DA:73,1
DA:76,8
DA:83,8
DA:84,1
DA:87,7
DA:88,7
DA:90,7
LF:25
LH:25
BRDA:32,0,0,1
BRDA:37,1,0,1
BRDA:72,2,0,1
BRDA:83,3,0,1
BRF:4
BRH:4
end_of_record
TN:
SF:src\upload\upload.module.ts
FN:14,(anonymous_1)
FNF:1
FNH:0
FNDA:0,(anonymous_1)
DA:1,0
DA:2,0
DA:3,0
DA:4,0
DA:5,0
DA:15,0
DA:30,0
LF:7
LH:0
BRF:0
BRH:0
end_of_record
TN:
SF:src\upload\upload.service.ts
FN:11,(anonymous_4)
FN:18,(anonymous_5)
FN:33,(anonymous_6)
FN:42,(anonymous_7)
FN:52,(anonymous_8)
FNF:5
FNH:5
FNDA:15,(anonymous_4)
FNDA:2,(anonymous_5)
FNDA:3,(anonymous_6)
FNDA:2,(anonymous_7)
FNDA:5,(anonymous_8)
DA:1,2
DA:2,2
DA:3,2
DA:4,2
DA:5,2
DA:8,2
DA:12,15
DA:13,15
DA:15,15
DA:19,2
DA:26,2
DA:27,1
DA:34,3
DA:39,3
DA:43,2
DA:48,2
DA:49,1
DA:53,5
DA:54,5
DA:55,5
DA:56,5
LF:21
LH:21
BRDA:33,0,0,2
BRF:1
BRH:1
end_of_record
TN:
SF:src\users\users.controller.ts
FN:16,(anonymous_4)
FN:21,(anonymous_5)
FN:28,(anonymous_6)
FN:35,(anonymous_7)
FN:42,(anonymous_8)
FN:49,(anonymous_9)
FNF:6
FNH:0
FNDA:0,(anonymous_4)
FNDA:0,(anonymous_5)
FNDA:0,(anonymous_6)
FNDA:0,(anonymous_7)
FNDA:0,(anonymous_8)
FNDA:0,(anonymous_9)
DA:1,0
DA:2,0
DA:3,0
DA:4,0
DA:5,0
DA:6,0
DA:7,0
DA:8,0
DA:9,0
DA:15,0
DA:16,0
DA:21,0
DA:22,0
DA:28,0
DA:29,0
DA:35,0
DA:36,0
DA:42,0
DA:43,0
DA:49,0
DA:50,0
LF:21
LH:0
BRF:0
BRH:0
end_of_record
TN:
SF:src\users\users.module.ts
FNF:0
FNH:0
DA:1,0
DA:2,0
DA:3,0
DA:4,0
DA:12,0
LF:5
LH:0
BRF:0
BRH:0
end_of_record
TN:
SF:src\users\users.service.ts
FN:9,(anonymous_2)
FN:11,(anonymous_3)
FN:43,(anonymous_4)
FN:58,(anonymous_5)
FN:74,(anonymous_6)
FN:80,(anonymous_7)
FN:108,(anonymous_8)
FNF:7
FNH:7
FNDA:7,(anonymous_2)
FNDA:2,(anonymous_3)
FNDA:1,(anonymous_4)
FNDA:1,(anonymous_5)
FNDA:1,(anonymous_6)
FNDA:1,(anonymous_7)
FNDA:1,(anonymous_8)
DA:1,2
DA:2,2
DA:5,2
DA:8,2
DA:9,7
DA:12,2
DA:15,2
DA:24,2
DA:25,1
DA:28,2
DA:44,1
DA:59,1
DA:75,1
DA:81,1
DA:83,1
DA:84,0
DA:88,1
DA:89,1
DA:92,1
DA:109,1
LF:20
LH:19
BRDA:19,0,0,2
BRDA:19,0,1,0
BRDA:24,1,0,1
BRDA:83,2,0,0
BRDA:88,3,0,1
BRDA:88,4,0,1
BRDA:88,4,1,1
BRDA:88,4,2,1
BRF:8
BRH:6
end_of_record
TN:
SF:src\users\dto\create-user.dto.ts
FNF:0
FNH:0
DA:1,0
DA:2,0
DA:3,0
DA:5,0
DA:8,0
DA:12,0
DA:17,0
DA:22,0
DA:27,0
DA:32,0
LF:10
LH:0
BRF:0
BRH:0
end_of_record
TN:
SF:src\users\dto\update-user.dto.ts
FNF:0
FNH:0
DA:1,0
DA:2,0
DA:3,0
DA:5,0
DA:9,0
DA:14,0
DA:20,0
DA:25,0
DA:30,0
DA:35,0
LF:10
LH:0
BRF:0
BRH:0
end_of_record
